<?xml version="1.0" encoding="UTF-8"?>
<coverage generated="1679838922775" clover="3.2.0">
  <project timestamp="1679838922775" name="All files">
    <metrics statements="12" coveredstatements="4" conditionals="6" coveredconditionals="1" methods="9" coveredmethods="3" elements="27" coveredelements="8" complexity="0" loc="12" ncloc="12" packages="2" files="2" classes="2"/>
    <package name="src">
      <metrics statements="1" coveredstatements="1" conditionals="0" coveredconditionals="0" methods="1" coveredmethods="1"/>
      <file name="App.tsx" path="C:\Users\azolo\Documents\rsschool-cv\React\hanna-app\src\App.tsx">
        <metrics statements="1" coveredstatements="1" conditionals="0" coveredconditionals="0" methods="1" coveredmethods="1"/>
        <line num="10" count="1" type="stmt"/>
      </file>
    </package>
    <package name="src.components">
      <metrics statements="11" coveredstatements="3" conditionals="6" coveredconditionals="1" methods="8" coveredmethods="2"/>
      <file name="card.tsx" path="C:\Users\azolo\Documents\rsschool-cv\React\hanna-app\src\components\card.tsx">
        <metrics statements="11" coveredstatements="3" conditionals="6" coveredconditionals="1" methods="8" coveredmethods="2"/>
        <line num="23" count="10" type="stmt"/>
        <line num="24" count="10" type="cond" truecount="1" falsecount="1"/>
        <line num="29" count="10" type="stmt"/>
        <line num="57" count="0" type="cond" truecount="0" falsecount="2"/>
        <line num="60" count="0" type="stmt"/>
        <line num="65" count="0" type="cond" truecount="0" falsecount="2"/>
        <line num="66" count="0" type="stmt"/>
        <line num="67" count="0" type="stmt"/>
        <line num="71" count="0" type="stmt"/>
        <line num="72" count="0" type="stmt"/>
        <line num="78" count="0" type="stmt"/>
      </file>
    </package>
  </project>
</coverage>
