{"C:\\Users\\azolo\\Documents\\rsschool-cv\\React\\hanna-app\\src\\App.tsx": {"path":"C:\\Users\\azolo\\Documents\\rsschool-cv\\React\\hanna-app\\src\\App.tsx","statementMap":{"0":{"start":{"line":9,"column":4},"end":{"line":14,"column":6}}},"fnMap":{"0":{"name":"(anonymous_0)","decl":{"start":{"line":8,"column":2},"end":{"line":8,"column":3}},"loc":{"start":{"line":8,"column":11},"end":{"line":15,"column":3}},"line":8}},"branchMap":{},"s":{"0":1},"f":{"0":1},"b":{},"_coverageSchema":"1a1c01bbd47fc00a2c39e90264f33305004495a9","hash":"18bfbc7452e6bcd770673bc47f8a933c88c26b1c"}
,"C:\\Users\\azolo\\Documents\\rsschool-cv\\React\\hanna-app\\src\\product.ts": {"path":"C:\\Users\\azolo\\Documents\\rsschool-cv\\React\\hanna-app\\src\\product.ts","statementMap":{"0":{"start":{"line":16,"column":39},"end":{"line":110,"column":1}}},"fnMap":{},"branchMap":{},"s":{"0":3},"f":{},"b":{},"_coverageSchema":"1a1c01bbd47fc00a2c39e90264f33305004495a9","hash":"bb204fcd4fdc5c821366312f7c1923ef10665e2a"}
,"C:\\Users\\azolo\\Documents\\rsschool-cv\\React\\hanna-app\\src\\components\\card.tsx": {"path":"C:\\Users\\azolo\\Documents\\rsschool-cv\\React\\hanna-app\\src\\components\\card.tsx","statementMap":{"0":{"start":{"line":23,"column":4},"end":{"line":23,"column":17}},"1":{"start":{"line":24,"column":4},"end":{"line":26,"column":68}},"2":{"start":{"line":29,"column":4},"end":{"line":54,"column":6}},"3":{"start":{"line":57,"column":4},"end":{"line":59,"column":48}},"4":{"start":{"line":60,"column":4},"end":{"line":62,"column":8}},"5":{"start":{"line":60,"column":30},"end":{"line":62,"column":5}},"6":{"start":{"line":65,"column":4},"end":{"line":75,"column":5}},"7":{"start":{"line":66,"column":6},"end":{"line":66,"column":83}},"8":{"start":{"line":67,"column":6},"end":{"line":69,"column":10}},"9":{"start":{"line":67,"column":27},"end":{"line":69,"column":7}},"10":{"start":{"line":71,"column":6},"end":{"line":71,"column":79}},"11":{"start":{"line":72,"column":6},"end":{"line":74,"column":10}},"12":{"start":{"line":72,"column":27},"end":{"line":74,"column":7}},"13":{"start":{"line":78,"column":4},"end":{"line":78,"column":87}}},"fnMap":{"0":{"name":"(anonymous_0)","decl":{"start":{"line":22,"column":2},"end":{"line":22,"column":3}},"loc":{"start":{"line":22,"column":30},"end":{"line":27,"column":3}},"line":22},"1":{"name":"(anonymous_1)","decl":{"start":{"line":28,"column":2},"end":{"line":28,"column":3}},"loc":{"start":{"line":28,"column":11},"end":{"line":55,"column":3}},"line":28},"2":{"name":"(anonymous_2)","decl":{"start":{"line":56,"column":2},"end":{"line":56,"column":3}},"loc":{"start":{"line":56,"column":46},"end":{"line":63,"column":3}},"line":56},"3":{"name":"(anonymous_3)","decl":{"start":{"line":60,"column":18},"end":{"line":60,"column":19}},"loc":{"start":{"line":60,"column":30},"end":{"line":62,"column":5}},"line":60},"4":{"name":"(anonymous_4)","decl":{"start":{"line":64,"column":2},"end":{"line":64,"column":3}},"loc":{"start":{"line":64,"column":45},"end":{"line":76,"column":3}},"line":64},"5":{"name":"(anonymous_5)","decl":{"start":{"line":67,"column":20},"end":{"line":67,"column":21}},"loc":{"start":{"line":67,"column":27},"end":{"line":69,"column":7}},"line":67},"6":{"name":"(anonymous_6)","decl":{"start":{"line":72,"column":20},"end":{"line":72,"column":21}},"loc":{"start":{"line":72,"column":27},"end":{"line":74,"column":7}},"line":72},"7":{"name":"(anonymous_7)","decl":{"start":{"line":77,"column":2},"end":{"line":77,"column":3}},"loc":{"start":{"line":77,"column":23},"end":{"line":79,"column":3}},"line":77}},"branchMap":{"0":{"loc":{"start":{"line":24,"column":17},"end":{"line":26,"column":67}},"type":"cond-expr","locations":[{"start":{"line":25,"column":8},"end":{"line":25,"column":84}},{"start":{"line":26,"column":8},"end":{"line":26,"column":67}}],"line":24},"1":{"loc":{"start":{"line":57,"column":41},"end":{"line":59,"column":47}},"type":"cond-expr","locations":[{"start":{"line":58,"column":8},"end":{"line":58,"column":43}},{"start":{"line":59,"column":8},"end":{"line":59,"column":47}}],"line":57},"2":{"loc":{"start":{"line":65,"column":4},"end":{"line":75,"column":5}},"type":"if","locations":[{"start":{"line":65,"column":4},"end":{"line":75,"column":5}},{"start":{"line":70,"column":11},"end":{"line":75,"column":5}}],"line":65}},"s":{"0":19,"1":19,"2":19,"3":0,"4":0,"5":0,"6":0,"7":0,"8":0,"9":0,"10":0,"11":0,"12":0,"13":0},"f":{"0":19,"1":19,"2":0,"3":0,"4":0,"5":0,"6":0,"7":0},"b":{"0":[0,19],"1":[0,0],"2":[0,0]},"_coverageSchema":"1a1c01bbd47fc00a2c39e90264f33305004495a9","hash":"63388f5d4d7eeb761e6abd33cf9cda49d07b8f2c"}
,"C:\\Users\\azolo\\Documents\\rsschool-cv\\React\\hanna-app\\src\\components\\cardList.tsx": {"path":"C:\\Users\\azolo\\Documents\\rsschool-cv\\React\\hanna-app\\src\\components\\cardList.tsx","statementMap":{"0":{"start":{"line":17,"column":4},"end":{"line":17,"column":17}},"1":{"start":{"line":18,"column":4},"end":{"line":18,"column":80}},"2":{"start":{"line":21,"column":4},"end":{"line":32,"column":6}},"3":{"start":{"line":24,"column":10},"end":{"line":29,"column":12}}},"fnMap":{"0":{"name":"(anonymous_0)","decl":{"start":{"line":16,"column":2},"end":{"line":16,"column":3}},"loc":{"start":{"line":16,"column":30},"end":{"line":19,"column":3}},"line":16},"1":{"name":"(anonymous_1)","decl":{"start":{"line":20,"column":2},"end":{"line":20,"column":3}},"loc":{"start":{"line":20,"column":11},"end":{"line":33,"column":3}},"line":20},"2":{"name":"(anonymous_2)","decl":{"start":{"line":23,"column":51},"end":{"line":23,"column":52}},"loc":{"start":{"line":23,"column":87},"end":{"line":30,"column":9}},"line":23}},"branchMap":{},"s":{"0":2,"1":2,"2":2,"3":18},"f":{"0":2,"1":2,"2":18},"b":{},"_coverageSchema":"1a1c01bbd47fc00a2c39e90264f33305004495a9","hash":"9e04f23dbbfbc1303f82f1b5fef6a45840929a9d"}
,"C:\\Users\\azolo\\Documents\\rsschool-cv\\React\\hanna-app\\src\\components\\search.tsx": {"path":"C:\\Users\\azolo\\Documents\\rsschool-cv\\React\\hanna-app\\src\\components\\search.tsx","statementMap":{"0":{"start":{"line":3,"column":17},"end":{"line":3,"column":93}},"1":{"start":{"line":16,"column":4},"end":{"line":16,"column":17}},"2":{"start":{"line":17,"column":4},"end":{"line":17,"column":53}},"3":{"start":{"line":18,"column":4},"end":{"line":22,"column":6}},"4":{"start":{"line":25,"column":4},"end":{"line":44,"column":6}},"5":{"start":{"line":47,"column":4},"end":{"line":49,"column":8}},"6":{"start":{"line":47,"column":25},"end":{"line":49,"column":5}},"7":{"start":{"line":52,"column":4},"end":{"line":52,"column":71}}},"fnMap":{"0":{"name":"(anonymous_0)","decl":{"start":{"line":15,"column":2},"end":{"line":15,"column":3}},"loc":{"start":{"line":15,"column":30},"end":{"line":23,"column":3}},"line":15},"1":{"name":"(anonymous_1)","decl":{"start":{"line":24,"column":2},"end":{"line":24,"column":3}},"loc":{"start":{"line":24,"column":11},"end":{"line":45,"column":3}},"line":24},"2":{"name":"(anonymous_2)","decl":{"start":{"line":46,"column":2},"end":{"line":46,"column":3}},"loc":{"start":{"line":46,"column":53},"end":{"line":50,"column":3}},"line":46},"3":{"name":"(anonymous_3)","decl":{"start":{"line":47,"column":18},"end":{"line":47,"column":19}},"loc":{"start":{"line":47,"column":25},"end":{"line":49,"column":5}},"line":47},"4":{"name":"(anonymous_4)","decl":{"start":{"line":51,"column":2},"end":{"line":51,"column":3}},"loc":{"start":{"line":51,"column":23},"end":{"line":53,"column":3}},"line":51}},"branchMap":{"0":{"loc":{"start":{"line":19,"column":19},"end":{"line":21,"column":12}},"type":"cond-expr","locations":[{"start":{"line":20,"column":11},"end":{"line":20,"column":63}},{"start":{"line":21,"column":10},"end":{"line":21,"column":12}}],"line":19}},"s":{"0":2,"1":2,"2":2,"3":2,"4":2,"5":0,"6":0,"7":0},"f":{"0":2,"1":2,"2":0,"3":0,"4":0},"b":{"0":[0,2]},"_coverageSchema":"1a1c01bbd47fc00a2c39e90264f33305004495a9","hash":"51fb4763be5fd898b3f77a85d6bfbd02509b872a"}
}
