{"C:\\Users\\azolo\\Documents\\rsschool-cv\\React\\hanna-app\\src\\App.tsx": {"path":"C:\\Users\\azolo\\Documents\\rsschool-cv\\React\\hanna-app\\src\\App.tsx","statementMap":{"0":{"start":{"line":9,"column":4},"end":{"line":14,"column":6}}},"fnMap":{"0":{"name":"(anonymous_0)","decl":{"start":{"line":8,"column":2},"end":{"line":8,"column":3}},"loc":{"start":{"line":8,"column":11},"end":{"line":15,"column":3}},"line":8}},"branchMap":{},"s":{"0":1},"f":{"0":1},"b":{},"_coverageSchema":"1a1c01bbd47fc00a2c39e90264f33305004495a9","hash":"18bfbc7452e6bcd770673bc47f8a933c88c26b1c"}
}
